<?xml version="1.0" encoding="UTF-8"?>
<!-- Generated by org.testng.reporters.JUnitReportReporter -->
<testsuite hostname="DESKTOP-8GNLLIH" failures="0" tests="1" name="api.test.FollowTests" time="2.177" errors="0" timestamp="2024-11-18T20:44:05 IST" skipped="0">
  <testcase classname="api.test.FollowTests" name="testGetFollow" time="2.177"/>
</testsuite> <!-- api.test.FollowTests -->
