<?xml version="1.0" encoding="UTF-8"?>
<!-- Generated by org.testng.reporters.JUnitReportReporter -->
<testsuite hostname="DESKTOP-8GNLLIH" failures="0" tests="1" name="api.test.PostContentTests" time="3.648" errors="0" timestamp="2024-11-18T05:05:39 IST" skipped="0">
  <testcase classname="api.test.PostContentTests" name="testPostContent" time="3.648"/>
</testsuite> <!-- api.test.PostContentTests -->
