<?xml version="1.0" encoding="UTF-8"?>
<!-- Generated by org.testng.reporters.JUnitReportReporter -->
<testsuite hostname="DESKTOP-8GNLLIH" failures="0" tests="1" name="api.test.LikeThePostsTests" time="0.677" errors="0" timestamp="2024-11-29T11:13:20 IST" skipped="0">
  <testcase classname="api.test.LikeThePostsTests" name="testcreate" time="0.677"/>
</testsuite> <!-- api.test.LikeThePostsTests -->
