<?xml version="1.0" encoding="UTF-8"?>
<!-- Generated by org.testng.reporters.JUnitReportReporter -->
<testsuite hostname="DESKTOP-8GNLLIH" failures="0" tests="3" name="api.test.ContentPostTests" time="3.386" errors="0" timestamp="2024-11-29T16:22:18 IST" skipped="0">
  <testcase classname="api.test.ContentPostTests" name="testCreateContent" time="2.985"/>
  <testcase classname="api.test.ContentPostTests" name="testReadllContent" time="0.253"/>
  <testcase classname="api.test.ContentPostTests" name="testupdateContent" time="0.148"/>
</testsuite> <!-- api.test.ContentPostTests -->
