<?xml version="1.0" encoding="UTF-8"?>
<!-- Generated by org.testng.reporters.JUnitReportReporter -->
<testsuite hostname="DESKTOP-8GNLLIH" failures="0" tests="4" name="api.test.CommentOnPostTests" time="1.094" errors="0" timestamp="2024-11-29T16:22:18 IST" skipped="0">
  <testcase classname="api.test.CommentOnPostTests" name="testReadAllComment" time="0.150"/>
  <testcase classname="api.test.CommentOnPostTests" name="testCreateReplayComment" time="0.149"/>
  <testcase classname="api.test.CommentOnPostTests" name="testDeleteComment" time="0.148"/>
  <testcase classname="api.test.CommentOnPostTests" name="testCreateComment" time="0.647"/>
</testsuite> <!-- api.test.CommentOnPostTests -->
