<?xml version="1.0" encoding="UTF-8"?>
<!-- Generated by org.testng.reporters.JUnitReportReporter -->
<testsuite hostname="DESKTOP-8GNLLIH" failures="0" tests="1" name="apiautomation.FackerDemo" time="0.246" errors="0" timestamp="2024-11-12T19:39:18 IST" skipped="0">
  <testcase classname="apiautomation.FackerDemo" name="testGenerateDummyData" time="0.246"/>
</testsuite> <!-- apiautomation.FackerDemo -->
